{"C:\\Users\\psant\\Projects\\brava-sales\\backend\\src\\controllers\\coreControllers\\createSalesOrderController\\create.js": {"path":"C:\\Users\\psant\\Projects\\brava-sales\\backend\\src\\controllers\\coreControllers\\createSalesOrderController\\create.js","statementMap":{"0":{"start":{"line":1,"column":17},"end":{"line":1,"column":36}},"1":{"start":{"line":3,"column":20},"end":{"line":3,"column":49}},"2":{"start":{"line":4,"column":19},"end":{"line":4,"column":47}},"3":{"start":{"line":5,"column":21},"end":{"line":5,"column":51}},"4":{"start":{"line":7,"column":23},"end":{"line":13,"column":1}},"5":{"start":{"line":8,"column":22},"end":{"line":11,"column":11}},"6":{"start":{"line":12,"column":2},"end":{"line":12,"column":45}},"7":{"start":{"line":15,"column":15},"end":{"line":79,"column":1}},"8":{"start":{"line":16,"column":2},"end":{"line":78,"column":3}},"9":{"start":{"line":18,"column":27},"end":{"line":18,"column":35}},"10":{"start":{"line":19,"column":30},"end":{"line":19,"column":32}},"11":{"start":{"line":20,"column":21},"end":{"line":20,"column":44}},"12":{"start":{"line":23,"column":22},"end":{"line":23,"column":23}},"13":{"start":{"line":24,"column":4},"end":{"line":28,"column":5}},"14":{"start":{"line":25,"column":26},"end":{"line":25,"column":65}},"15":{"start":{"line":26,"column":6},"end":{"line":26,"column":34}},"16":{"start":{"line":27,"column":6},"end":{"line":27,"column":52}},"17":{"start":{"line":29,"column":4},"end":{"line":35,"column":5}},"18":{"start":{"line":30,"column":6},"end":{"line":34,"column":9}},"19":{"start":{"line":36,"column":23},"end":{"line":46,"column":13}},"20":{"start":{"line":49,"column":35},"end":{"line":49,"column":92}},"21":{"start":{"line":51,"column":4},"end":{"line":62,"column":5}},"22":{"start":{"line":51,"column":17},"end":{"line":51,"column":18}},"23":{"start":{"line":52,"column":33},"end":{"line":52,"column":67}},"24":{"start":{"line":53,"column":6},"end":{"line":53,"column":93}},"25":{"start":{"line":55,"column":6},"end":{"line":61,"column":16}},"26":{"start":{"line":64,"column":4},"end":{"line":68,"column":7}},"27":{"start":{"line":71,"column":4},"end":{"line":71,"column":56}},"28":{"start":{"line":72,"column":4},"end":{"line":77,"column":7}},"29":{"start":{"line":81,"column":0},"end":{"line":81,"column":24}}},"fnMap":{"0":{"name":"(anonymous_0)","decl":{"start":{"line":7,"column":23},"end":{"line":7,"column":24}},"loc":{"start":{"line":7,"column":44},"end":{"line":13,"column":1}},"line":7},"1":{"name":"(anonymous_1)","decl":{"start":{"line":15,"column":15},"end":{"line":15,"column":16}},"loc":{"start":{"line":15,"column":35},"end":{"line":79,"column":1}},"line":15}},"branchMap":{"0":{"loc":{"start":{"line":12,"column":9},"end":{"line":12,"column":44}},"type":"cond-expr","locations":[{"start":{"line":12,"column":23},"end":{"line":12,"column":40}},{"start":{"line":12,"column":43},"end":{"line":12,"column":44}}],"line":12},"1":{"loc":{"start":{"line":29,"column":4},"end":{"line":35,"column":5}},"type":"if","locations":[{"start":{"line":29,"column":4},"end":{"line":35,"column":5}},{"start":{},"end":{}}],"line":29},"2":{"loc":{"start":{"line":29,"column":8},"end":{"line":29,"column":45}},"type":"binary-expr","locations":[{"start":{"line":29,"column":8},"end":{"line":29,"column":25}},{"start":{"line":29,"column":29},"end":{"line":29,"column":45}}],"line":29}},"s":{"0":1,"1":1,"2":1,"3":1,"4":1,"5":4,"6":4,"7":1,"8":3,"9":3,"10":3,"11":3,"12":3,"13":3,"14":4,"15":4,"16":4,"17":3,"18":2,"19":1,"20":1,"21":1,"22":1,"23":2,"24":2,"25":2,"26":1,"27":0,"28":0,"29":1},"f":{"0":4,"1":3},"b":{"0":[4,0],"1":[2,1],"2":[3,1]},"_coverageSchema":"1a1c01bbd47fc00a2c39e90264f33305004495a9","hash":"24da74afa997ea19ab827ed04d7fccc3329da18f"}
,"C:\\Users\\psant\\Projects\\brava-sales\\backend\\src\\controllers\\coreControllers\\createSalesOrderController\\listAll.js": {"path":"C:\\Users\\psant\\Projects\\brava-sales\\backend\\src\\controllers\\coreControllers\\createSalesOrderController\\listAll.js","statementMap":{"0":{"start":{"line":1,"column":17},"end":{"line":1,"column":36}},"1":{"start":{"line":2,"column":19},"end":{"line":2,"column":47}},"2":{"start":{"line":3,"column":20},"end":{"line":3,"column":49}},"3":{"start":{"line":5,"column":16},"end":{"line":38,"column":1}},"4":{"start":{"line":6,"column":2},"end":{"line":37,"column":3}},"5":{"start":{"line":7,"column":19},"end":{"line":7,"column":35}},"6":{"start":{"line":8,"column":16},"end":{"line":8,"column":34}},"7":{"start":{"line":11,"column":4},"end":{"line":20,"column":5}},"8":{"start":{"line":12,"column":6},"end":{"line":12,"column":21}},"9":{"start":{"line":13,"column":25},"end":{"line":13,"column":63}},"10":{"start":{"line":14,"column":6},"end":{"line":17,"column":7}},"11":{"start":{"line":15,"column":29},"end":{"line":15,"column":90}},"12":{"start":{"line":16,"column":8},"end":{"line":16,"column":60}},"13":{"start":{"line":19,"column":6},"end":{"line":19,"column":73}},"14":{"start":{"line":22,"column":4},"end":{"line":28,"column":5}},"15":{"start":{"line":23,"column":6},"end":{"line":27,"column":9}},"16":{"start":{"line":30,"column":4},"end":{"line":30,"column":57}},"17":{"start":{"line":31,"column":4},"end":{"line":36,"column":7}},"18":{"start":{"line":40,"column":0},"end":{"line":40,"column":25}}},"fnMap":{"0":{"name":"(anonymous_0)","decl":{"start":{"line":5,"column":16},"end":{"line":5,"column":17}},"loc":{"start":{"line":5,"column":36},"end":{"line":38,"column":1}},"line":5}},"branchMap":{"0":{"loc":{"start":{"line":7,"column":19},"end":{"line":7,"column":35}},"type":"binary-expr","locations":[{"start":{"line":7,"column":19},"end":{"line":7,"column":29}},{"start":{"line":7,"column":33},"end":{"line":7,"column":35}}],"line":7},"1":{"loc":{"start":{"line":11,"column":4},"end":{"line":20,"column":5}},"type":"if","locations":[{"start":{"line":11,"column":4},"end":{"line":20,"column":5}},{"start":{"line":18,"column":11},"end":{"line":20,"column":5}}],"line":11},"2":{"loc":{"start":{"line":14,"column":6},"end":{"line":17,"column":7}},"type":"if","locations":[{"start":{"line":14,"column":6},"end":{"line":17,"column":7}},{"start":{},"end":{}}],"line":14},"3":{"loc":{"start":{"line":22,"column":4},"end":{"line":28,"column":5}},"type":"if","locations":[{"start":{"line":22,"column":4},"end":{"line":28,"column":5}},{"start":{},"end":{}}],"line":22}},"s":{"0":1,"1":1,"2":1,"3":1,"4":3,"5":3,"6":3,"7":3,"8":1,"9":1,"10":1,"11":1,"12":1,"13":2,"14":2,"15":2,"16":1,"17":1,"18":1},"f":{"0":3},"b":{"0":[3,0],"1":[1,2],"2":[1,0],"3":[2,0]},"_coverageSchema":"1a1c01bbd47fc00a2c39e90264f33305004495a9","hash":"6ae6fe67d7311af1d83cc473bcea9ddcde5d2108"}
,"C:\\Users\\psant\\Projects\\brava-sales\\backend\\src\\controllers\\coreControllers\\stock\\authStock.js": {"path":"C:\\Users\\psant\\Projects\\brava-sales\\backend\\src\\controllers\\coreControllers\\stock\\authStock.js","statementMap":{"0":{"start":{"line":1,"column":14},"end":{"line":1,"column":30}},"1":{"start":{"line":2,"column":12},"end":{"line":2,"column":35}},"2":{"start":{"line":4,"column":17},"end":{"line":4,"column":21}},"3":{"start":{"line":5,"column":22},"end":{"line":5,"column":26}},"4":{"start":{"line":7,"column":18},"end":{"line":31,"column":1}},"5":{"start":{"line":8,"column":2},"end":{"line":30,"column":3}},"6":{"start":{"line":10,"column":4},"end":{"line":12,"column":5}},"7":{"start":{"line":11,"column":6},"end":{"line":11,"column":24}},"8":{"start":{"line":15,"column":21},"end":{"line":18,"column":6}},"9":{"start":{"line":20,"column":4},"end":{"line":20,"column":37}},"10":{"start":{"line":23,"column":25},"end":{"line":23,"column":47}},"11":{"start":{"line":24,"column":4},"end":{"line":24,"column":46}},"12":{"start":{"line":26,"column":4},"end":{"line":26,"column":22}},"13":{"start":{"line":28,"column":4},"end":{"line":28,"column":65}},"14":{"start":{"line":29,"column":4},"end":{"line":29,"column":60}},"15":{"start":{"line":33,"column":0},"end":{"line":33,"column":31}}},"fnMap":{"0":{"name":"(anonymous_0)","decl":{"start":{"line":7,"column":18},"end":{"line":7,"column":19}},"loc":{"start":{"line":7,"column":30},"end":{"line":31,"column":1}},"line":7}},"branchMap":{"0":{"loc":{"start":{"line":10,"column":4},"end":{"line":12,"column":5}},"type":"if","locations":[{"start":{"line":10,"column":4},"end":{"line":12,"column":5}},{"start":{},"end":{}}],"line":10},"1":{"loc":{"start":{"line":10,"column":8},"end":{"line":10,"column":69}},"type":"binary-expr","locations":[{"start":{"line":10,"column":8},"end":{"line":10,"column":18}},{"start":{"line":10,"column":22},"end":{"line":10,"column":37}},{"start":{"line":10,"column":41},"end":{"line":10,"column":69}}],"line":10}},"s":{"0":2,"1":2,"2":2,"3":2,"4":2,"5":3,"6":3,"7":1,"8":2,"9":1,"10":1,"11":1,"12":1,"13":1,"14":1,"15":2},"f":{"0":3},"b":{"0":[1,2],"1":[3,1,1]},"_coverageSchema":"1a1c01bbd47fc00a2c39e90264f33305004495a9","hash":"5670d126b05b933f7fc4441bad4f8aeb7d26f63f"}
,"C:\\Users\\psant\\Projects\\brava-sales\\backend\\src\\controllers\\coreControllers\\stock\\callWithAuth.js": {"path":"C:\\Users\\psant\\Projects\\brava-sales\\backend\\src\\controllers\\coreControllers\\stock\\callWithAuth.js","statementMap":{"0":{"start":{"line":1,"column":14},"end":{"line":1,"column":30}},"1":{"start":{"line":2,"column":22},"end":{"line":2,"column":44}},"2":{"start":{"line":3,"column":21},"end":{"line":30,"column":1}},"3":{"start":{"line":4,"column":2},"end":{"line":29,"column":3}},"4":{"start":{"line":5,"column":23},"end":{"line":5,"column":48}},"5":{"start":{"line":6,"column":4},"end":{"line":12,"column":5}},"6":{"start":{"line":7,"column":6},"end":{"line":11,"column":9}},"7":{"start":{"line":14,"column":26},"end":{"line":18,"column":6}},"8":{"start":{"line":20,"column":4},"end":{"line":20,"column":52}},"9":{"start":{"line":22,"column":4},"end":{"line":22,"column":66}},"10":{"start":{"line":23,"column":4},"end":{"line":28,"column":7}},"11":{"start":{"line":32,"column":0},"end":{"line":32,"column":34}}},"fnMap":{"0":{"name":"(anonymous_0)","decl":{"start":{"line":3,"column":21},"end":{"line":3,"column":22}},"loc":{"start":{"line":3,"column":58},"end":{"line":30,"column":1}},"line":3}},"branchMap":{"0":{"loc":{"start":{"line":6,"column":4},"end":{"line":12,"column":5}},"type":"if","locations":[{"start":{"line":6,"column":4},"end":{"line":12,"column":5}},{"start":{},"end":{}}],"line":6}},"s":{"0":1,"1":1,"2":1,"3":3,"4":3,"5":3,"6":1,"7":2,"8":2,"9":1,"10":1,"11":1},"f":{"0":3},"b":{"0":[1,2]},"_coverageSchema":"1a1c01bbd47fc00a2c39e90264f33305004495a9","hash":"9933680b28a362edf462880d29d3d8eb7706e20e"}
,"C:\\Users\\psant\\Projects\\brava-sales\\backend\\src\\controllers\\coreControllers\\stock\\listAll.js": {"path":"C:\\Users\\psant\\Projects\\brava-sales\\backend\\src\\controllers\\coreControllers\\stock\\listAll.js","statementMap":{"0":{"start":{"line":1,"column":16},"end":{"line":30,"column":1}},"1":{"start":{"line":2,"column":2},"end":{"line":29,"column":3}},"2":{"start":{"line":3,"column":19},"end":{"line":3,"column":35}},"3":{"start":{"line":4,"column":19},"end":{"line":4,"column":74}},"4":{"start":{"line":6,"column":21},"end":{"line":6,"column":52}},"5":{"start":{"line":8,"column":4},"end":{"line":12,"column":7}},"6":{"start":{"line":14,"column":4},"end":{"line":20,"column":5}},"7":{"start":{"line":15,"column":6},"end":{"line":19,"column":9}},"8":{"start":{"line":22,"column":4},"end":{"line":22,"column":68}},"9":{"start":{"line":23,"column":4},"end":{"line":28,"column":7}},"10":{"start":{"line":32,"column":0},"end":{"line":32,"column":25}}},"fnMap":{"0":{"name":"(anonymous_0)","decl":{"start":{"line":1,"column":16},"end":{"line":1,"column":17}},"loc":{"start":{"line":1,"column":51},"end":{"line":30,"column":1}},"line":1}},"branchMap":{"0":{"loc":{"start":{"line":3,"column":19},"end":{"line":3,"column":35}},"type":"binary-expr","locations":[{"start":{"line":3,"column":19},"end":{"line":3,"column":29}},{"start":{"line":3,"column":33},"end":{"line":3,"column":35}}],"line":3},"1":{"loc":{"start":{"line":4,"column":54},"end":{"line":4,"column":72}},"type":"cond-expr","locations":[{"start":{"line":4,"column":59},"end":{"line":4,"column":67}},{"start":{"line":4,"column":70},"end":{"line":4,"column":72}}],"line":4},"2":{"loc":{"start":{"line":14,"column":4},"end":{"line":20,"column":5}},"type":"if","locations":[{"start":{"line":14,"column":4},"end":{"line":20,"column":5}},{"start":{},"end":{}}],"line":14},"3":{"loc":{"start":{"line":14,"column":8},"end":{"line":14,"column":55}},"type":"binary-expr","locations":[{"start":{"line":14,"column":8},"end":{"line":14,"column":22}},{"start":{"line":14,"column":26},"end":{"line":14,"column":55}}],"line":14}},"s":{"0":1,"1":3,"2":3,"3":3,"4":3,"5":1,"6":2,"7":1,"8":1,"9":1,"10":1},"f":{"0":3},"b":{"0":[3,0],"1":[0,3],"2":[1,1],"3":[2,1]},"_coverageSchema":"1a1c01bbd47fc00a2c39e90264f33305004495a9","hash":"225454beb85a2f1f17be3c11ee7c3646915fef09"}
,"C:\\Users\\psant\\Projects\\brava-sales\\backend\\src\\controllers\\coreControllers\\stock\\remove.js": {"path":"C:\\Users\\psant\\Projects\\brava-sales\\backend\\src\\controllers\\coreControllers\\stock\\remove.js","statementMap":{"0":{"start":{"line":1,"column":15},"end":{"line":30,"column":1}},"1":{"start":{"line":2,"column":4},"end":{"line":29,"column":5}},"2":{"start":{"line":3,"column":23},"end":{"line":3,"column":39}},"3":{"start":{"line":4,"column":23},"end":{"line":4,"column":63}},"4":{"start":{"line":6,"column":25},"end":{"line":6,"column":61}},"5":{"start":{"line":8,"column":8},"end":{"line":12,"column":12}},"6":{"start":{"line":14,"column":8},"end":{"line":20,"column":9}},"7":{"start":{"line":15,"column":8},"end":{"line":19,"column":12}},"8":{"start":{"line":22,"column":8},"end":{"line":22,"column":73}},"9":{"start":{"line":23,"column":8},"end":{"line":28,"column":12}},"10":{"start":{"line":32,"column":0},"end":{"line":32,"column":24}}},"fnMap":{"0":{"name":"(anonymous_0)","decl":{"start":{"line":1,"column":15},"end":{"line":1,"column":16}},"loc":{"start":{"line":1,"column":52},"end":{"line":30,"column":1}},"line":1}},"branchMap":{"0":{"loc":{"start":{"line":3,"column":23},"end":{"line":3,"column":39}},"type":"binary-expr","locations":[{"start":{"line":3,"column":23},"end":{"line":3,"column":33}},{"start":{"line":3,"column":37},"end":{"line":3,"column":39}}],"line":3},"1":{"loc":{"start":{"line":14,"column":8},"end":{"line":20,"column":9}},"type":"if","locations":[{"start":{"line":14,"column":8},"end":{"line":20,"column":9}},{"start":{},"end":{}}],"line":14},"2":{"loc":{"start":{"line":14,"column":13},"end":{"line":14,"column":60}},"type":"binary-expr","locations":[{"start":{"line":14,"column":13},"end":{"line":14,"column":27}},{"start":{"line":14,"column":31},"end":{"line":14,"column":60}}],"line":14}},"s":{"0":1,"1":3,"2":3,"3":3,"4":3,"5":1,"6":2,"7":1,"8":1,"9":1,"10":1},"f":{"0":3},"b":{"0":[3,0],"1":[1,1],"2":[2,1]},"_coverageSchema":"1a1c01bbd47fc00a2c39e90264f33305004495a9","hash":"e2abc1737da1a1cc9e5368741b2c69359e2900c4"}
,"C:\\Users\\psant\\Projects\\brava-sales\\backend\\src\\controllers\\coreControllers\\stock\\update.js": {"path":"C:\\Users\\psant\\Projects\\brava-sales\\backend\\src\\controllers\\coreControllers\\stock\\update.js","statementMap":{"0":{"start":{"line":1,"column":15},"end":{"line":30,"column":1}},"1":{"start":{"line":2,"column":2},"end":{"line":29,"column":3}},"2":{"start":{"line":3,"column":19},"end":{"line":3,"column":53}},"3":{"start":{"line":4,"column":15},"end":{"line":4,"column":38}},"4":{"start":{"line":6,"column":21},"end":{"line":6,"column":71}},"5":{"start":{"line":8,"column":4},"end":{"line":12,"column":7}},"6":{"start":{"line":14,"column":4},"end":{"line":20,"column":5}},"7":{"start":{"line":15,"column":6},"end":{"line":19,"column":9}},"8":{"start":{"line":22,"column":4},"end":{"line":22,"column":67}},"9":{"start":{"line":23,"column":4},"end":{"line":28,"column":7}},"10":{"start":{"line":32,"column":0},"end":{"line":32,"column":24}}},"fnMap":{"0":{"name":"(anonymous_0)","decl":{"start":{"line":1,"column":15},"end":{"line":1,"column":16}},"loc":{"start":{"line":1,"column":50},"end":{"line":30,"column":1}},"line":1}},"branchMap":{"0":{"loc":{"start":{"line":14,"column":4},"end":{"line":20,"column":5}},"type":"if","locations":[{"start":{"line":14,"column":4},"end":{"line":20,"column":5}},{"start":{},"end":{}}],"line":14},"1":{"loc":{"start":{"line":14,"column":8},"end":{"line":14,"column":55}},"type":"binary-expr","locations":[{"start":{"line":14,"column":8},"end":{"line":14,"column":22}},{"start":{"line":14,"column":26},"end":{"line":14,"column":55}}],"line":14}},"s":{"0":1,"1":3,"2":3,"3":3,"4":3,"5":1,"6":2,"7":1,"8":1,"9":1,"10":1},"f":{"0":3},"b":{"0":[1,1],"1":[2,1]},"_coverageSchema":"1a1c01bbd47fc00a2c39e90264f33305004495a9","hash":"40d65abc6167fcb2079f2fd8c9717cd537bcafe6"}
,"C:\\Users\\psant\\Projects\\brava-sales\\backend\\src\\controllers\\middlewaresControllers\\createAuthMiddleware\\authUser.js": {"path":"C:\\Users\\psant\\Projects\\brava-sales\\backend\\src\\controllers\\middlewaresControllers\\createAuthMiddleware\\authUser.js","statementMap":{"0":{"start":{"line":1,"column":12},"end":{"line":1,"column":35}},"1":{"start":{"line":2,"column":17},"end":{"line":59,"column":1}},"2":{"start":{"line":3,"column":18},"end":{"line":3,"column":58}},"3":{"start":{"line":4,"column":2},"end":{"line":9,"column":7}},"4":{"start":{"line":5,"column":4},"end":{"line":9,"column":7}},"5":{"start":{"line":11,"column":2},"end":{"line":58,"column":3}},"6":{"start":{"line":12,"column":18},"end":{"line":18,"column":5}},"7":{"start":{"line":20,"column":4},"end":{"line":26,"column":13}},"8":{"start":{"line":28,"column":4},"end":{"line":51,"column":9}},"9":{"start":{"line":53,"column":4},"end":{"line":57,"column":7}},"10":{"start":{"line":61,"column":0},"end":{"line":61,"column":26}}},"fnMap":{"0":{"name":"(anonymous_0)","decl":{"start":{"line":2,"column":17},"end":{"line":2,"column":18}},"loc":{"start":{"line":2,"column":94},"end":{"line":59,"column":1}},"line":2}},"branchMap":{"0":{"loc":{"start":{"line":4,"column":2},"end":{"line":9,"column":7}},"type":"if","locations":[{"start":{"line":4,"column":2},"end":{"line":9,"column":7}},{"start":{},"end":{}}],"line":4},"1":{"loc":{"start":{"line":11,"column":2},"end":{"line":58,"column":3}},"type":"if","locations":[{"start":{"line":11,"column":2},"end":{"line":58,"column":3}},{"start":{"line":52,"column":9},"end":{"line":58,"column":3}}],"line":11},"2":{"loc":{"start":{"line":17,"column":19},"end":{"line":17,"column":59}},"type":"cond-expr","locations":[{"start":{"line":17,"column":39},"end":{"line":17,"column":51}},{"start":{"line":17,"column":54},"end":{"line":17,"column":59}}],"line":17},"3":{"loc":{"start":{"line":31,"column":16},"end":{"line":31,"column":81}},"type":"cond-expr","locations":[{"start":{"line":31,"column":36},"end":{"line":31,"column":59}},{"start":{"line":31,"column":62},"end":{"line":31,"column":81}}],"line":31}},"s":{"0":2,"1":2,"2":3,"3":3,"4":1,"5":2,"6":2,"7":2,"8":2,"9":0,"10":2},"f":{"0":3},"b":{"0":[1,2],"1":[2,0],"2":[1,1],"3":[1,1]},"_coverageSchema":"1a1c01bbd47fc00a2c39e90264f33305004495a9","hash":"33101ef465246849f13e2d3e6dc8df390ef0d7b3"}
,"C:\\Users\\psant\\Projects\\brava-sales\\backend\\src\\controllers\\middlewaresControllers\\createAuthMiddleware\\isValidAuthToken.js": {"path":"C:\\Users\\psant\\Projects\\brava-sales\\backend\\src\\controllers\\middlewaresControllers\\createAuthMiddleware\\isValidAuthToken.js","statementMap":{"0":{"start":{"line":1,"column":12},"end":{"line":1,"column":35}},"1":{"start":{"line":3,"column":17},"end":{"line":3,"column":36}},"2":{"start":{"line":5,"column":25},"end":{"line":57,"column":1}},"3":{"start":{"line":6,"column":2},"end":{"line":56,"column":3}},"4":{"start":{"line":7,"column":25},"end":{"line":7,"column":63}},"5":{"start":{"line":8,"column":17},"end":{"line":8,"column":42}},"6":{"start":{"line":9,"column":18},"end":{"line":9,"column":35}},"7":{"start":{"line":10,"column":4},"end":{"line":16,"column":9}},"8":{"start":{"line":11,"column":6},"end":{"line":16,"column":9}},"9":{"start":{"line":17,"column":21},"end":{"line":17,"column":62}},"10":{"start":{"line":19,"column":32},"end":{"line":22,"column":6}},"11":{"start":{"line":23,"column":24},"end":{"line":23,"column":74}},"12":{"start":{"line":25,"column":33},"end":{"line":25,"column":86}},"13":{"start":{"line":27,"column":4},"end":{"line":33,"column":9}},"14":{"start":{"line":28,"column":6},"end":{"line":33,"column":9}},"15":{"start":{"line":35,"column":31},"end":{"line":35,"column":43}},"16":{"start":{"line":36,"column":4},"end":{"line":47,"column":5}},"17":{"start":{"line":37,"column":6},"end":{"line":42,"column":9}},"18":{"start":{"line":44,"column":26},"end":{"line":44,"column":49}},"19":{"start":{"line":45,"column":6},"end":{"line":45,"column":30}},"20":{"start":{"line":46,"column":6},"end":{"line":46,"column":13}},"21":{"start":{"line":49,"column":4},"end":{"line":55,"column":7}},"22":{"start":{"line":59,"column":0},"end":{"line":59,"column":34}}},"fnMap":{"0":{"name":"(anonymous_0)","decl":{"start":{"line":5,"column":25},"end":{"line":5,"column":26}},"loc":{"start":{"line":5,"column":92},"end":{"line":57,"column":1}},"line":5}},"branchMap":{"0":{"loc":{"start":{"line":5,"column":61},"end":{"line":5,"column":85}},"type":"default-arg","locations":[{"start":{"line":5,"column":73},"end":{"line":5,"column":85}}],"line":5},"1":{"loc":{"start":{"line":10,"column":4},"end":{"line":16,"column":9}},"type":"if","locations":[{"start":{"line":10,"column":4},"end":{"line":16,"column":9}},{"start":{},"end":{}}],"line":10},"2":{"loc":{"start":{"line":27,"column":4},"end":{"line":33,"column":9}},"type":"if","locations":[{"start":{"line":27,"column":4},"end":{"line":33,"column":9}},{"start":{},"end":{}}],"line":27},"3":{"loc":{"start":{"line":36,"column":4},"end":{"line":47,"column":5}},"type":"if","locations":[{"start":{"line":36,"column":4},"end":{"line":47,"column":5}},{"start":{"line":43,"column":9},"end":{"line":47,"column":5}}],"line":36}},"s":{"0":1,"1":1,"2":1,"3":3,"4":3,"5":3,"6":3,"7":3,"8":1,"9":2,"10":1,"11":1,"12":1,"13":1,"14":0,"15":1,"16":1,"17":1,"18":0,"19":0,"20":0,"21":1,"22":1},"f":{"0":3},"b":{"0":[0],"1":[1,2],"2":[0,1],"3":[1,0]},"_coverageSchema":"1a1c01bbd47fc00a2c39e90264f33305004495a9","hash":"693db64766a7b460fcc0d8e62e2aa0aa38c4c50f"}
,"C:\\Users\\psant\\Projects\\brava-sales\\backend\\src\\controllers\\middlewaresControllers\\createAuthMiddleware\\login.js": {"path":"C:\\Users\\psant\\Projects\\brava-sales\\backend\\src\\controllers\\middlewaresControllers\\createAuthMiddleware\\login.js","statementMap":{"0":{"start":{"line":1,"column":12},"end":{"line":1,"column":26}},"1":{"start":{"line":3,"column":17},"end":{"line":3,"column":36}},"2":{"start":{"line":5,"column":17},"end":{"line":5,"column":38}},"3":{"start":{"line":7,"column":14},"end":{"line":54,"column":1}},"4":{"start":{"line":8,"column":28},"end":{"line":8,"column":66}},"5":{"start":{"line":9,"column":20},"end":{"line":9,"column":45}},"6":{"start":{"line":10,"column":30},"end":{"line":10,"column":38}},"7":{"start":{"line":13,"column":23},"end":{"line":18,"column":4}},"8":{"start":{"line":20,"column":20},"end":{"line":20,"column":62}},"9":{"start":{"line":21,"column":2},"end":{"line":29,"column":3}},"10":{"start":{"line":22,"column":4},"end":{"line":28,"column":7}},"11":{"start":{"line":31,"column":15},"end":{"line":31,"column":65}},"12":{"start":{"line":33,"column":2},"end":{"line":38,"column":7}},"13":{"start":{"line":34,"column":4},"end":{"line":38,"column":7}},"14":{"start":{"line":40,"column":27},"end":{"line":43,"column":4}},"15":{"start":{"line":45,"column":2},"end":{"line":50,"column":7}},"16":{"start":{"line":46,"column":4},"end":{"line":50,"column":7}},"17":{"start":{"line":53,"column":2},"end":{"line":53,"column":78}},"18":{"start":{"line":56,"column":0},"end":{"line":56,"column":23}}},"fnMap":{"0":{"name":"(anonymous_0)","decl":{"start":{"line":7,"column":14},"end":{"line":7,"column":15}},"loc":{"start":{"line":7,"column":49},"end":{"line":54,"column":1}},"line":7}},"branchMap":{"0":{"loc":{"start":{"line":21,"column":2},"end":{"line":29,"column":3}},"type":"if","locations":[{"start":{"line":21,"column":2},"end":{"line":29,"column":3}},{"start":{},"end":{}}],"line":21},"1":{"loc":{"start":{"line":33,"column":2},"end":{"line":38,"column":7}},"type":"if","locations":[{"start":{"line":33,"column":2},"end":{"line":38,"column":7}},{"start":{},"end":{}}],"line":33},"2":{"loc":{"start":{"line":45,"column":2},"end":{"line":50,"column":7}},"type":"if","locations":[{"start":{"line":45,"column":2},"end":{"line":50,"column":7}},{"start":{},"end":{}}],"line":45}},"s":{"0":1,"1":1,"2":1,"3":1,"4":3,"5":3,"6":3,"7":3,"8":3,"9":3,"10":1,"11":2,"12":2,"13":1,"14":1,"15":1,"16":1,"17":0,"18":1},"f":{"0":3},"b":{"0":[1,2],"1":[1,1],"2":[1,0]},"_coverageSchema":"1a1c01bbd47fc00a2c39e90264f33305004495a9","hash":"f44018c3c1072db4a45ed73122b0ed56b97f6cd5"}
,"C:\\Users\\psant\\Projects\\brava-sales\\backend\\src\\controllers\\middlewaresControllers\\createAuthMiddleware\\logout.js": {"path":"C:\\Users\\psant\\Projects\\brava-sales\\backend\\src\\controllers\\middlewaresControllers\\createAuthMiddleware\\logout.js","statementMap":{"0":{"start":{"line":1,"column":17},"end":{"line":1,"column":36}},"1":{"start":{"line":3,"column":15},"end":{"line":29,"column":1}},"2":{"start":{"line":4,"column":23},"end":{"line":4,"column":61}},"3":{"start":{"line":6,"column":16},"end":{"line":6,"column":33}},"4":{"start":{"line":7,"column":2},"end":{"line":13,"column":11}},"5":{"start":{"line":15,"column":2},"end":{"line":28,"column":7}},"6":{"start":{"line":31,"column":0},"end":{"line":31,"column":24}}},"fnMap":{"0":{"name":"(anonymous_0)","decl":{"start":{"line":3,"column":15},"end":{"line":3,"column":16}},"loc":{"start":{"line":3,"column":50},"end":{"line":29,"column":1}},"line":3}},"branchMap":{},"s":{"0":1,"1":1,"2":3,"3":2,"4":2,"5":2,"6":1},"f":{"0":3},"b":{},"_coverageSchema":"1a1c01bbd47fc00a2c39e90264f33305004495a9","hash":"ccb61ecd295ee943bda5363958b18149e3e23609"}
,"C:\\Users\\psant\\Projects\\brava-sales\\backend\\src\\controllers\\middlewaresControllers\\createCRUDController\\create.js": {"path":"C:\\Users\\psant\\Projects\\brava-sales\\backend\\src\\controllers\\middlewaresControllers\\createCRUDController\\create.js","statementMap":{"0":{"start":{"line":1,"column":24},"end":{"line":1,"column":52}},"1":{"start":{"line":2,"column":18},"end":{"line":2,"column":58}},"2":{"start":{"line":4,"column":15},"end":{"line":28,"column":1}},"3":{"start":{"line":6,"column":2},"end":{"line":6,"column":27}},"4":{"start":{"line":9,"column":35},"end":{"line":9,"column":96}},"5":{"start":{"line":11,"column":2},"end":{"line":16,"column":3}},"6":{"start":{"line":12,"column":28},"end":{"line":12,"column":63}},"7":{"start":{"line":13,"column":4},"end":{"line":15,"column":5}},"8":{"start":{"line":14,"column":6},"end":{"line":14,"column":51}},"9":{"start":{"line":18,"column":17},"end":{"line":20,"column":11}},"10":{"start":{"line":23,"column":2},"end":{"line":27,"column":5}},"11":{"start":{"line":30,"column":0},"end":{"line":30,"column":24}}},"fnMap":{"0":{"name":"(anonymous_0)","decl":{"start":{"line":4,"column":15},"end":{"line":4,"column":16}},"loc":{"start":{"line":4,"column":42},"end":{"line":28,"column":1}},"line":4}},"branchMap":{"0":{"loc":{"start":{"line":9,"column":49},"end":{"line":9,"column":95}},"type":"binary-expr","locations":[{"start":{"line":9,"column":49},"end":{"line":9,"column":89}},{"start":{"line":9,"column":93},"end":{"line":9,"column":95}}],"line":9},"1":{"loc":{"start":{"line":13,"column":4},"end":{"line":15,"column":5}},"type":"if","locations":[{"start":{"line":13,"column":4},"end":{"line":15,"column":5}},{"start":{},"end":{}}],"line":13}},"s":{"0":1,"1":1,"2":1,"3":3,"4":3,"5":3,"6":1,"7":1,"8":1,"9":2,"10":2,"11":1},"f":{"0":3},"b":{"0":[3,0],"1":[1,0]},"_coverageSchema":"1a1c01bbd47fc00a2c39e90264f33305004495a9","hash":"c3a462a18cbe996dbfbeb85a218b1a7a9edfaced"}
,"C:\\Users\\psant\\Projects\\brava-sales\\backend\\src\\controllers\\middlewaresControllers\\createCRUDController\\modelExceptions.js": {"path":"C:\\Users\\psant\\Projects\\brava-sales\\backend\\src\\controllers\\middlewaresControllers\\createCRUDController\\modelExceptions.js","statementMap":{"0":{"start":{"line":1,"column":24},"end":{"line":1,"column":63}},"1":{"start":{"line":4,"column":24},"end":{"line":6,"column":1}},"2":{"start":{"line":8,"column":0},"end":{"line":8,"column":33}}},"fnMap":{},"branchMap":{},"s":{"0":2,"1":2,"2":2},"f":{},"b":{},"_coverageSchema":"1a1c01bbd47fc00a2c39e90264f33305004495a9","hash":"5ee48053d8614135de4e9417072fa39f4c1e5a2d"}
,"C:\\Users\\psant\\Projects\\brava-sales\\backend\\src\\controllers\\middlewaresControllers\\createCRUDController\\exceptions\\sellerException.js": {"path":"C:\\Users\\psant\\Projects\\brava-sales\\backend\\src\\controllers\\middlewaresControllers\\createCRUDController\\exceptions\\sellerException.js","statementMap":{"0":{"start":{"line":1,"column":23},"end":{"line":28,"column":1}},"1":{"start":{"line":4,"column":27},"end":{"line":4,"column":89}},"2":{"start":{"line":5,"column":6},"end":{"line":11,"column":7}},"3":{"start":{"line":6,"column":8},"end":{"line":10,"column":10}},"4":{"start":{"line":12,"column":6},"end":{"line":12,"column":18}},"5":{"start":{"line":17,"column":27},"end":{"line":17,"column":89}},"6":{"start":{"line":18,"column":6},"end":{"line":24,"column":7}},"7":{"start":{"line":19,"column":8},"end":{"line":23,"column":10}},"8":{"start":{"line":25,"column":6},"end":{"line":25,"column":18}},"9":{"start":{"line":30,"column":0},"end":{"line":30,"column":32}}},"fnMap":{"0":{"name":"(anonymous_0)","decl":{"start":{"line":3,"column":17},"end":{"line":3,"column":18}},"loc":{"start":{"line":3,"column":39},"end":{"line":13,"column":5}},"line":3},"1":{"name":"(anonymous_1)","decl":{"start":{"line":16,"column":17},"end":{"line":16,"column":18}},"loc":{"start":{"line":16,"column":39},"end":{"line":26,"column":5}},"line":16}},"branchMap":{"0":{"loc":{"start":{"line":5,"column":6},"end":{"line":11,"column":7}},"type":"if","locations":[{"start":{"line":5,"column":6},"end":{"line":11,"column":7}},{"start":{},"end":{}}],"line":5},"1":{"loc":{"start":{"line":18,"column":6},"end":{"line":24,"column":7}},"type":"if","locations":[{"start":{"line":18,"column":6},"end":{"line":24,"column":7}},{"start":{},"end":{}}],"line":18},"2":{"loc":{"start":{"line":18,"column":10},"end":{"line":18,"column":71}},"type":"binary-expr","locations":[{"start":{"line":18,"column":10},"end":{"line":18,"column":22}},{"start":{"line":18,"column":26},"end":{"line":18,"column":71}}],"line":18}},"s":{"0":3,"1":2,"2":2,"3":1,"4":1,"5":1,"6":1,"7":1,"8":0,"9":3},"f":{"0":2,"1":1},"b":{"0":[1,1],"1":[1,0],"2":[1,1]},"_coverageSchema":"1a1c01bbd47fc00a2c39e90264f33305004495a9","hash":"ee45b4d35ef7da9d92e4f2c7ab643d9109661611"}
,"C:\\Users\\psant\\Projects\\brava-sales\\backend\\src\\utils\\translateModel.js": {"path":"C:\\Users\\psant\\Projects\\brava-sales\\backend\\src\\utils\\translateModel.js","statementMap":{"0":{"start":{"line":2,"column":21},"end":{"line":4,"column":3}},"1":{"start":{"line":6,"column":18},"end":{"line":9,"column":1}},"2":{"start":{"line":7,"column":27},"end":{"line":7,"column":60}},"3":{"start":{"line":8,"column":4},"end":{"line":8,"column":37}},"4":{"start":{"line":11,"column":0},"end":{"line":11,"column":27}}},"fnMap":{"0":{"name":"(anonymous_0)","decl":{"start":{"line":6,"column":18},"end":{"line":6,"column":19}},"loc":{"start":{"line":6,"column":29},"end":{"line":9,"column":1}},"line":6}},"branchMap":{"0":{"loc":{"start":{"line":8,"column":11},"end":{"line":8,"column":36}},"type":"binary-expr","locations":[{"start":{"line":8,"column":11},"end":{"line":8,"column":27}},{"start":{"line":8,"column":31},"end":{"line":8,"column":36}}],"line":8}},"s":{"0":2,"1":2,"2":8,"3":8,"4":2},"f":{"0":8},"b":{"0":[8,4]},"_coverageSchema":"1a1c01bbd47fc00a2c39e90264f33305004495a9","hash":"2fd5e61ab4516e8d9deab697fa2d31edeaedc707"}
}
