TN:
SF:src\controllers\coreControllers\createSalesOrderController\create.js
FN:7,(anonymous_0)
FN:15,(anonymous_1)
FNF:2
FNH:2
FNDA:4,(anonymous_0)
FNDA:3,(anonymous_1)
DA:1,1
DA:3,1
DA:4,1
DA:5,1
DA:7,1
DA:8,4
DA:12,4
DA:15,1
DA:16,3
DA:18,3
DA:19,3
DA:20,3
DA:23,3
DA:24,3
DA:25,4
DA:26,4
DA:27,4
DA:29,3
DA:30,2
DA:36,1
DA:49,1
DA:51,1
DA:52,2
DA:53,2
DA:55,2
DA:64,1
DA:71,0
DA:72,0
DA:81,1
LF:29
LH:27
BRDA:12,0,0,4
BRDA:12,0,1,0
BRDA:29,1,0,2
BRDA:29,1,1,1
BRDA:29,2,0,3
BRDA:29,2,1,1
BRF:6
BRH:5
end_of_record
TN:
SF:src\controllers\coreControllers\createSalesOrderController\listAll.js
FN:5,(anonymous_0)
FNF:1
FNH:1
FNDA:3,(anonymous_0)
DA:1,1
DA:2,1
DA:3,1
DA:5,1
DA:6,3
DA:7,3
DA:8,3
DA:11,3
DA:12,1
DA:13,1
DA:14,1
DA:15,1
DA:16,1
DA:19,2
DA:22,2
DA:23,2
DA:30,1
DA:31,1
DA:40,1
LF:19
LH:19
BRDA:7,0,0,3
BRDA:7,0,1,0
BRDA:11,1,0,1
BRDA:11,1,1,2
BRDA:14,2,0,1
BRDA:14,2,1,0
BRDA:22,3,0,2
BRDA:22,3,1,0
BRF:8
BRH:5
end_of_record
TN:
SF:src\controllers\coreControllers\stock\authStock.js
FN:7,(anonymous_0)
FNF:1
FNH:1
FNDA:3,(anonymous_0)
DA:1,2
DA:2,2
DA:4,2
DA:5,2
DA:7,2
DA:8,3
DA:10,3
DA:11,1
DA:15,2
DA:20,1
DA:23,1
DA:24,1
DA:26,1
DA:28,1
DA:29,1
DA:33,2
LF:16
LH:16
BRDA:10,0,0,1
BRDA:10,0,1,2
BRDA:10,1,0,3
BRDA:10,1,1,1
BRDA:10,1,2,1
BRF:5
BRH:5
end_of_record
TN:
SF:src\controllers\coreControllers\stock\callWithAuth.js
FN:3,(anonymous_0)
FNF:1
FNH:1
FNDA:3,(anonymous_0)
DA:1,1
DA:2,1
DA:3,1
DA:4,3
DA:5,3
DA:6,3
DA:7,1
DA:14,2
DA:20,2
DA:22,1
DA:23,1
DA:32,1
LF:12
LH:12
BRDA:6,0,0,1
BRDA:6,0,1,2
BRF:2
BRH:2
end_of_record
TN:
SF:src\controllers\coreControllers\stock\listAll.js
FN:1,(anonymous_0)
FNF:1
FNH:1
FNDA:3,(anonymous_0)
DA:1,1
DA:2,3
DA:3,3
DA:4,3
DA:6,3
DA:8,1
DA:14,2
DA:15,1
DA:22,1
DA:23,1
DA:32,1
LF:11
LH:11
BRDA:3,0,0,3
BRDA:3,0,1,0
BRDA:4,1,0,0
BRDA:4,1,1,3
BRDA:14,2,0,1
BRDA:14,2,1,1
BRDA:14,3,0,2
BRDA:14,3,1,1
BRF:8
BRH:6
end_of_record
TN:
SF:src\controllers\coreControllers\stock\remove.js
FN:1,(anonymous_0)
FNF:1
FNH:1
FNDA:3,(anonymous_0)
DA:1,1
DA:2,3
DA:3,3
DA:4,3
DA:6,3
DA:8,1
DA:14,2
DA:15,1
DA:22,1
DA:23,1
DA:32,1
LF:11
LH:11
BRDA:3,0,0,3
BRDA:3,0,1,0
BRDA:14,1,0,1
BRDA:14,1,1,1
BRDA:14,2,0,2
BRDA:14,2,1,1
BRF:6
BRH:5
end_of_record
TN:
SF:src\controllers\coreControllers\stock\update.js
FN:1,(anonymous_0)
FNF:1
FNH:1
FNDA:3,(anonymous_0)
DA:1,1
DA:2,3
DA:3,3
DA:4,3
DA:6,3
DA:8,1
DA:14,2
DA:15,1
DA:22,1
DA:23,1
DA:32,1
LF:11
LH:11
BRDA:14,0,0,1
BRDA:14,0,1,1
BRDA:14,1,0,2
BRDA:14,1,1,1
BRF:4
BRH:4
end_of_record
TN:
SF:src\controllers\middlewaresControllers\createAuthMiddleware\authUser.js
FN:2,(anonymous_0)
FNF:1
FNH:1
FNDA:3,(anonymous_0)
DA:1,2
DA:2,2
DA:3,3
DA:4,3
DA:5,1
DA:11,2
DA:12,2
DA:20,2
DA:28,2
DA:53,0
DA:61,2
LF:11
LH:10
BRDA:4,0,0,1
BRDA:4,0,1,2
BRDA:11,1,0,2
BRDA:11,1,1,0
BRDA:17,2,0,1
BRDA:17,2,1,1
BRDA:31,3,0,1
BRDA:31,3,1,1
BRF:8
BRH:7
end_of_record
TN:
SF:src\controllers\middlewaresControllers\createAuthMiddleware\isValidAuthToken.js
FN:5,(anonymous_0)
FNF:1
FNH:1
FNDA:3,(anonymous_0)
DA:1,1
DA:3,1
DA:5,1
DA:6,3
DA:7,3
DA:8,3
DA:9,3
DA:10,3
DA:11,1
DA:17,2
DA:19,1
DA:23,1
DA:25,1
DA:27,1
DA:28,0
DA:35,1
DA:36,1
DA:37,1
DA:44,0
DA:45,0
DA:46,0
DA:49,1
DA:59,1
LF:23
LH:19
BRDA:5,0,0,0
BRDA:10,1,0,1
BRDA:10,1,1,2
BRDA:27,2,0,0
BRDA:27,2,1,1
BRDA:36,3,0,1
BRDA:36,3,1,0
BRF:7
BRH:4
end_of_record
TN:
SF:src\controllers\middlewaresControllers\createAuthMiddleware\login.js
FN:7,(anonymous_0)
FNF:1
FNH:1
FNDA:3,(anonymous_0)
DA:1,1
DA:3,1
DA:5,1
DA:7,1
DA:8,3
DA:9,3
DA:10,3
DA:13,3
DA:20,3
DA:21,3
DA:22,1
DA:31,2
DA:33,2
DA:34,1
DA:40,1
DA:45,1
DA:46,1
DA:53,0
DA:56,1
LF:19
LH:18
BRDA:21,0,0,1
BRDA:21,0,1,2
BRDA:33,1,0,1
BRDA:33,1,1,1
BRDA:45,2,0,1
BRDA:45,2,1,0
BRF:6
BRH:5
end_of_record
TN:
SF:src\controllers\middlewaresControllers\createAuthMiddleware\logout.js
FN:3,(anonymous_0)
FNF:1
FNH:1
FNDA:3,(anonymous_0)
DA:1,1
DA:3,1
DA:4,3
DA:6,2
DA:7,2
DA:15,2
DA:31,1
LF:7
LH:7
BRF:0
BRH:0
end_of_record
TN:
SF:src\controllers\middlewaresControllers\createCRUDController\create.js
FN:4,(anonymous_0)
FNF:1
FNH:1
FNDA:3,(anonymous_0)
DA:1,1
DA:2,1
DA:4,1
DA:6,3
DA:9,3
DA:11,3
DA:12,1
DA:13,1
DA:14,1
DA:18,2
DA:23,2
DA:30,1
LF:12
LH:12
BRDA:9,0,0,3
BRDA:9,0,1,0
BRDA:13,1,0,1
BRDA:13,1,1,0
BRF:4
BRH:2
end_of_record
TN:
SF:src\controllers\middlewaresControllers\createCRUDController\modelExceptions.js
FNF:0
FNH:0
DA:1,2
DA:4,2
DA:8,2
LF:3
LH:3
BRF:0
BRH:0
end_of_record
TN:
SF:src\controllers\middlewaresControllers\createCRUDController\exceptions\sellerException.js
FN:3,(anonymous_0)
FN:16,(anonymous_1)
FNF:2
FNH:2
FNDA:2,(anonymous_0)
FNDA:1,(anonymous_1)
DA:1,3
DA:4,2
DA:5,2
DA:6,1
DA:12,1
DA:17,1
DA:18,1
DA:19,1
DA:25,0
DA:30,3
LF:10
LH:9
BRDA:5,0,0,1
BRDA:5,0,1,1
BRDA:18,1,0,1
BRDA:18,1,1,0
BRDA:18,2,0,1
BRDA:18,2,1,1
BRF:6
BRH:5
end_of_record
TN:
SF:src\utils\translateModel.js
FN:6,(anonymous_0)
FNF:1
FNH:1
FNDA:8,(anonymous_0)
DA:2,2
DA:6,2
DA:7,8
DA:8,8
DA:11,2
LF:5
LH:5
BRDA:8,0,0,8
BRDA:8,0,1,4
BRF:2
BRH:2
end_of_record
